# JRE version: OpenJDK Runtime Environment Corretto-11.0.21.9.1 (11.0.21+9) (build 11.0.21+9-LTS)
# Java VM: OpenJDK 64-Bit Server VM Corretto-11.0.21.9.1 (11.0.21+9-LTS, mixed mode, tiered, compressed oops, g1 gc, windows-amd64)
Heap:
 garbage-first heap   total 163840K, used 11675K [0x0000000761e00000, 0x0000000800000000)
  region size 1024K, 3 young (3072K), 3 survivors (3072K)
 Metaspace       used 24422K, capacity 25256K, committed 25392K, reserved 1077248K
  class space    used 2864K, capacity 3200K, committed 3200K, reserved 1048576K
GC Heap History (10 events):
Event: 3.050 GC heap before
{Heap before GC invocations=0 (full 0):
 garbage-first heap   total 163840K, used 24576K [0x0000000761e00000, 0x0000000800000000)
  region size 1024K, 24 young (24576K), 0 survivors (0K)
 Metaspace       used 14606K, capacity 15052K, committed 15232K, reserved 1062912K
  class space    used 1504K, capacity 1634K, committed 1664K, reserved 1048576K
}
Event: 3.067 GC heap after
{Heap after GC invocations=1 (full 0):
 garbage-first heap   total 163840K, used 8620K [0x0000000761e00000, 0x0000000800000000)
  region size 1024K, 3 young (3072K), 3 survivors (3072K)
 Metaspace       used 14606K, capacity 15052K, committed 15232K, reserved 1062912K
  class space    used 1504K, capacity 1634K, committed 1664K, reserved 1048576K
}
Event: 3.525 GC heap before
{Heap before GC invocations=1 (full 0):
 garbage-first heap   total 163840K, used 21932K [0x0000000761e00000, 0x0000000800000000)
  region size 1024K, 16 young (16384K), 3 survivors (3072K)
 Metaspace       used 15874K, capacity 16400K, committed 16512K, reserved 1064960K
  class space    used 1680K, capacity 1865K, committed 1920K, reserved 1048576K
}
Event: 3.535 GC heap after
{Heap after GC invocations=2 (full 0):
 garbage-first heap   total 163840K, used 9496K [0x0000000761e00000, 0x0000000800000000)
  region size 1024K, 1 young (1024K), 1 survivors (1024K)
 Metaspace       used 15874K, capacity 16400K, committed 16512K, reserved 1064960K
  class space    used 1680K, capacity 1865K, committed 1920K, reserved 1048576K
}
Event: 4.429 GC heap before
{Heap before GC invocations=2 (full 0):
 garbage-first heap   total 163840K, used 46360K [0x0000000761e00000, 0x0000000800000000)
  region size 1024K, 39 young (39936K), 1 survivors (1024K)
 Metaspace       used 20513K, capacity 21211K, committed 21296K, reserved 1069056K
  class space    used 2369K, capacity 2656K, committed 2688K, reserved 1048576K
}
Event: 4.434 GC heap after
{Heap after GC invocations=3 (full 0):
 garbage-first heap   total 163840K, used 10845K [0x0000000761e00000, 0x0000000800000000)
  region size 1024K, 2 young (2048K), 2 survivors (2048K)
 Metaspace       used 20513K, capacity 21211K, committed 21296K, reserved 1069056K
  class space    used 2369K, capacity 2656K, committed 2688K, reserved 1048576K
}
Event: 4.681 GC heap before
{Heap before GC invocations=4 (full 0):
 garbage-first heap   total 163840K, used 38493K [0x0000000761e00000, 0x0000000800000000)
  region size 1024K, 31 young (31744K), 2 survivors (2048K)
 Metaspace       used 24283K, capacity 25083K, committed 25136K, reserved 1077248K
  class space    used 2845K, capacity 3164K, committed 3200K, reserved 1048576K
}
Event: 4.686 GC heap after
{Heap after GC invocations=5 (full 0):
 garbage-first heap   total 163840K, used 11603K [0x0000000761e00000, 0x0000000800000000)
  region size 1024K, 3 young (3072K), 3 survivors (3072K)
 Metaspace       used 24283K, capacity 25083K, committed 25136K, reserved 1077248K
  class space    used 2845K, capacity 3164K, committed 3200K, reserved 1048576K
}
Event: 4.716 GC heap before
{Heap before GC invocations=6 (full 0):
 garbage-first heap   total 163840K, used 12627K [0x0000000761e00000, 0x0000000800000000)
  region size 1024K, 5 young (5120K), 3 survivors (3072K)
 Metaspace       used 24422K, capacity 25256K, committed 25392K, reserved 1077248K
  class space    used 2864K, capacity 3200K, committed 3200K, reserved 1048576K
}
Event: 4.721 GC heap after
{Heap after GC invocations=7 (full 0):
 garbage-first heap   total 163840K, used 11675K [0x0000000761e00000, 0x0000000800000000)
  region size 1024K, 3 young (3072K), 3 survivors (3072K)
 Metaspace       used 24422K, capacity 25256K, committed 25392K, reserved 1077248K
  class space    used 2864K, capacity 3200K, committed 3200K, reserved 1048576K
}

